<?xml version="1.0" encoding="UTF-8"?>
<testsuite xmlns:xsi="http://www.w3.org/2001/XMLSchema-instance" xsi:noNamespaceSchemaLocation="https://maven.apache.org/surefire/maven-surefire-plugin/xsd/surefire-test-report-3.0.xsd" version="3.0" name="assignment1.BankAccountTest" time="0.063" tests="20" errors="0" skipped="0" failures="0">
  <properties>
    <property name="java.specification.version" value="22"/>
    <property name="sun.cpu.isalist" value="amd64"/>
    <property name="sun.jnu.encoding" value="Cp1252"/>
    <property name="java.class.path" value="C:\Users\Sabrina\eclipse-workspace\assignment1\target\test-classes;C:\Users\Sabrina\eclipse-workspace\assignment1\target\classes;C:\Users\Sabrina\.m2\repository\junit\junit\4.13.2\junit-4.13.2.jar;C:\Users\Sabrina\.m2\repository\org\hamcrest\hamcrest-core\1.3\hamcrest-core-1.3.jar;"/>
    <property name="java.vm.vendor" value="Oracle Corporation"/>
    <property name="sun.arch.data.model" value="64"/>
    <property name="user.variant" value=""/>
    <property name="java.vendor.url" value="https://java.oracle.com/"/>
    <property name="user.timezone" value="America/Toronto"/>
    <property name="os.name" value="Windows 11"/>
    <property name="java.vm.specification.version" value="22"/>
    <property name="sun.java.launcher" value="SUN_STANDARD"/>
    <property name="user.country" value="CA"/>
    <property name="sun.boot.library.path" value="C:\Program Files\Java\jdk-22\bin"/>
    <property name="sun.java.command" value="C:\Users\Sabrina\AppData\Local\Temp\surefire8019002047862519981\surefirebooter-20240929011313144_3.jar C:\Users\Sabrina\AppData\Local\Temp\surefire8019002047862519981 2024-09-29T01-13-13_050-jvmRun1 surefire-20240929011313144_1tmp surefire_0-20240929011313144_2tmp"/>
    <property name="jdk.debug" value="release"/>
    <property name="surefire.test.class.path" value="C:\Users\Sabrina\eclipse-workspace\assignment1\target\test-classes;C:\Users\Sabrina\eclipse-workspace\assignment1\target\classes;C:\Users\Sabrina\.m2\repository\junit\junit\4.13.2\junit-4.13.2.jar;C:\Users\Sabrina\.m2\repository\org\hamcrest\hamcrest-core\1.3\hamcrest-core-1.3.jar;"/>
    <property name="sun.cpu.endian" value="little"/>
    <property name="user.home" value="C:\Users\Sabrina"/>
    <property name="user.language" value="en"/>
    <property name="java.specification.vendor" value="Oracle Corporation"/>
    <property name="java.version.date" value="2024-07-16"/>
    <property name="java.home" value="C:\Program Files\Java\jdk-22"/>
    <property name="file.separator" value="\"/>
    <property name="basedir" value="C:\Users\Sabrina\eclipse-workspace\assignment1"/>
    <property name="java.vm.compressedOopsMode" value="Zero based"/>
    <property name="line.separator" value="&#10;"/>
    <property name="java.vm.specification.vendor" value="Oracle Corporation"/>
    <property name="java.specification.name" value="Java Platform API Specification"/>
    <property name="surefire.real.class.path" value="C:\Users\Sabrina\AppData\Local\Temp\surefire8019002047862519981\surefirebooter-20240929011313144_3.jar"/>
    <property name="user.script" value=""/>
    <property name="sun.management.compiler" value="HotSpot 64-Bit Tiered Compilers"/>
    <property name="java.runtime.version" value="22.0.2+9-70"/>
    <property name="user.name" value="Sabrina"/>
    <property name="stdout.encoding" value="Cp1252"/>
    <property name="path.separator" value=";"/>
    <property name="os.version" value="10.0"/>
    <property name="java.runtime.name" value="Java(TM) SE Runtime Environment"/>
    <property name="file.encoding" value="UTF-8"/>
    <property name="java.vm.name" value="Java HotSpot(TM) 64-Bit Server VM"/>
    <property name="localRepository" value="C:\Users\Sabrina\.m2\repository"/>
    <property name="java.vendor.url.bug" value="https://bugreport.java.com/bugreport/"/>
    <property name="java.io.tmpdir" value="C:\Users\Sabrina\AppData\Local\Temp\"/>
    <property name="java.version" value="22.0.2"/>
    <property name="user.dir" value="C:\Users\Sabrina\eclipse-workspace\assignment1"/>
    <property name="os.arch" value="amd64"/>
    <property name="java.vm.specification.name" value="Java Virtual Machine Specification"/>
    <property name="sun.os.patch.level" value=""/>
    <property name="native.encoding" value="Cp1252"/>
    <property name="java.library.path" value="C:\Program Files\Java\jdk-22\bin;C:\windows\Sun\Java\bin;C:\windows\system32;C:\windows;C:\Program Files\Common Files\Oracle\Java\javapath;C:\windows\system32;C:\windows;C:\windows\System32\Wbem;C:\windows\System32\WindowsPowerShell\v1.0\;C:\windows\System32\OpenSSH\;C:\Program Files\HP\HP One Agent;C:\Program Files\Microsoft SQL Server\150\Tools\Binn\;C:\Program Files\Microsoft SQL Server\Client SDK\ODBC\170\Tools\Binn\;C:\Program Files\dotnet\;C:\Program Files (x86)\Windows Kits\10\Windows Performance Toolkit\;C:\Program Files\Java\jdk-22\bin;C:\Users\Sabrina\AppData\Local\Microsoft\WindowsApps;C:\Users\Sabrina\.dotnet\tools;C:\Program Files\apache-maven-3.9.9\bin;C:\Users\Sabrina\AppData\Local\Programs\Microsoft VS Code\bin;."/>
    <property name="java.vm.info" value="mixed mode, sharing"/>
    <property name="stderr.encoding" value="Cp1252"/>
    <property name="java.vendor" value="Oracle Corporation"/>
    <property name="java.vm.version" value="22.0.2+9-70"/>
    <property name="sun.io.unicode.encoding" value="UnicodeLittle"/>
    <property name="java.class.version" value="66.0"/>
  </properties>
  <testcase name="testWithdrawValidAmount" classname="assignment1.BankAccountTest" time="0.016"/>
  <testcase name="testWithdrawPostDeposit" classname="assignment1.BankAccountTest" time="0.0"/>
  <testcase name="testDepositthenWithdraw" classname="assignment1.BankAccountTest" time="0.0"/>
  <testcase name="testgetBalance" classname="assignment1.BankAccountTest" time="0.0"/>
  <testcase name="testgetNegativeValue" classname="assignment1.BankAccountTest" time="0.0"/>
  <testcase name="testWithdrawMultipleWithdraw" classname="assignment1.BankAccountTest" time="0.0"/>
  <testcase name="testWithdrawMoreAmount" classname="assignment1.BankAccountTest" time="0.0"/>
  <testcase name="testWithdrawValidBalance" classname="assignment1.BankAccountTest" time="0.0"/>
  <testcase name="testWithdrawAllthenDeposit" classname="assignment1.BankAccountTest" time="0.0"/>
  <testcase name="testgetBalanceZeroBalance" classname="assignment1.BankAccountTest" time="0.0"/>
  <testcase name="depositNegativeTest" classname="assignment1.BankAccountTest" time="0.0"/>
  <testcase name="testWithdrawthenDeposit" classname="assignment1.BankAccountTest" time="0.0"/>
  <testcase name="testgetBalanceMultipleTransaction" classname="assignment1.BankAccountTest" time="0.0"/>
  <testcase name="depositSmallPositiveValue" classname="assignment1.BankAccountTest" time="0.0"/>
  <testcase name="depositNegativeBalance" classname="assignment1.BankAccountTest" time="0.0"/>
  <testcase name="testWithdrawNegativeAmount" classname="assignment1.BankAccountTest" time="0.0"/>
  <testcase name="testWithdrawMultipleWithdrawDeposit" classname="assignment1.BankAccountTest" time="0.0"/>
  <testcase name="deposit" classname="assignment1.BankAccountTest" time="0.0"/>
  <testcase name="testWithdrawZeroAmount" classname="assignment1.BankAccountTest" time="0.0"/>
  <testcase name="testWithdrawMoreThanDeposited" classname="assignment1.BankAccountTest" time="0.0"/>
</testsuite>